Build started 03/04/2015 00:06:00.
     1>Project "D:\Libaries\Uni Work\Year 3\Part III Project\Source_vs\collect_landmarks\collect_landmarks.vcxproj" on node 4 (Build target(s)).
     1>Link:
         D:\Program Files (x86)\Microsoft Visual Studio 12.0\VC\bin\link.exe /ERRORREPORT:PROMPT /OUT:"D:\Libaries\Uni Work\Year 3\Part III Project\Source_vs\Debug\collect_landmarks.exe" /INCREMENTAL /NOLOGO ..\..\external_libs\OpenCV\bin\libopencv_calib3d249.dll ..\..\external_libs\OpenCV\bin\libopencv_contrib249.dll ..\..\external_libs\OpenCV\bin\libopencv_core249.dll ..\..\external_libs\OpenCV\bin\libopencv_features2d249.dll ..\..\external_libs\OpenCV\bin\libopencv_flann249.dll ..\..\external_libs\OpenCV\bin\libopencv_gpu249.dll ..\..\external_libs\OpenCV\bin\libopencv_highgui249.dll ..\..\external_libs\OpenCV\bin\libopencv_imgproc249.dll ..\..\external_libs\OpenCV\bin\libopencv_legacy249.dll ..\..\external_libs\OpenCV\bin\libopencv_ml249.dll ..\..\external_libs\OpenCV\bin\libopencv_nonfree249.dll ..\..\external_libs\OpenCV\bin\libopencv_objdetect249.dll ..\..\external_libs\OpenCV\bin\libopencv_ocl249.dll ..\..\external_libs\OpenCV\bin\libopencv_photo249.dll ..\..\external_libs\OpenCV\bin\libopencv_stitching249.dll ..\..\external_libs\OpenCV\bin\libopencv_superres249.dll ..\..\external_libs\OpenCV\bin\libopencv_video249.dll ..\..\external_libs\OpenCV\bin\libopencv_videostab249.dll ..\..\external_libs\OpenCV\bin\opencv_ffmpeg249.dll kernel32.lib user32.lib gdi32.lib winspool.lib comdlg32.lib advapi32.lib shell32.lib ole32.lib oleaut32.lib uuid.lib odbc32.lib odbccp32.lib /MANIFEST /MANIFESTUAC:"level='asInvoker' uiAccess='false'" /manifest:embed /DEBUG /PDB:"D:\Libaries\Uni Work\Year 3\Part III Project\Source_vs\Debug\collect_landmarks.pdb" /SUBSYSTEM:CONSOLE /TLBID:1 /DYNAMICBASE /NXCOMPAT /IMPLIB:"D:\Libaries\Uni Work\Year 3\Part III Project\Source_vs\Debug\collect_landmarks.lib" /MACHINE:X86 Debug\collect_landmarks.obj
     1>..\..\external_libs\OpenCV\bin\libopencv_calib3d249.dll : fatal error LNK1107: invalid or corrupt file: cannot read at 0x420
     1>Done Building Project "D:\Libaries\Uni Work\Year 3\Part III Project\Source_vs\collect_landmarks\collect_landmarks.vcxproj" (Build target(s)) -- FAILED.

Build FAILED.

Time Elapsed 00:00:00.07
